I tensorflow/stream_executor/dso_loader.cc:108] successfully opened CUDA library libcublas.so locally
I tensorflow/stream_executor/dso_loader.cc:108] successfully opened CUDA library libcudnn.so locally
I tensorflow/stream_executor/dso_loader.cc:108] successfully opened CUDA library libcufft.so locally
I tensorflow/stream_executor/dso_loader.cc:108] successfully opened CUDA library libcuda.so.1 locally
I tensorflow/stream_executor/dso_loader.cc:108] successfully opened CUDA library libcurand.so locally
I tensorflow/core/common_runtime/gpu/gpu_init.cc:102] Found device 0 with properties: 
name: GeForce GTX TITAN X
major: 5 minor: 2 memoryClockRate (GHz) 1.076
pciBusID 0000:03:00.0
Total memory: 12.00GiB
Free memory: 11.87GiB
I tensorflow/core/common_runtime/gpu/gpu_init.cc:126] DMA: 0 
I tensorflow/core/common_runtime/gpu/gpu_init.cc:136] 0:   Y 
I tensorflow/core/common_runtime/gpu/gpu_device.cc:838] Creating TensorFlow device (/gpu:0) -> (device: 0, name: GeForce GTX TITAN X, pci bus id: 0000:03:00.0)
Train bucket sizes: [61923, 24618, 3405]
Loading data from /tmp/ttran/swbd_data
Creating 3 layers of 256 units.
Reading model parameters from /home-nfs/ttran/transitory/speech-nlp/venv_projects/seq2seq_parser/tmp_results/model-swbd-0901/parse_nn_small.ckpt-500
loaded from 500 done steps
I tensorflow/core/common_runtime/gpu/pool_allocator.cc:244] PoolAllocator: After 12924 get requests, put_count=3871 evicted_count=1000 eviction_rate=0.258331 and unsatisfied allocation rate=0.785593
I tensorflow/core/common_runtime/gpu/pool_allocator.cc:256] Raising pool_size_limit_ from 100 to 110
I tensorflow/core/common_runtime/gpu/pool_allocator.cc:244] PoolAllocator: After 12924 get requests, put_count=12891 evicted_count=10000 eviction_rate=0.775735 and unsatisfied allocation rate=0.777081
I tensorflow/core/common_runtime/gpu/pool_allocator.cc:256] Raising pool_size_limit_ from 110 to 121
I tensorflow/core/common_runtime/gpu/pool_allocator.cc:244] PoolAllocator: After 5949 get requests, put_count=11416 evicted_count=10000 eviction_rate=0.875964 and unsatisfied allocation rate=0.763826
I tensorflow/core/common_runtime/gpu/pool_allocator.cc:256] Raising pool_size_limit_ from 121 to 133
I tensorflow/core/common_runtime/gpu/pool_allocator.cc:244] PoolAllocator: After 0 get requests, put_count=6013 evicted_count=6000 eviction_rate=0.997838 and unsatisfied allocation rate=0
I tensorflow/core/common_runtime/gpu/pool_allocator.cc:244] PoolAllocator: After 0 get requests, put_count=1016 evicted_count=1000 eviction_rate=0.984252 and unsatisfied allocation rate=0
I tensorflow/core/common_runtime/gpu/pool_allocator.cc:244] PoolAllocator: After 0 get requests, put_count=1017 evicted_count=1000 eviction_rate=0.983284 and unsatisfied allocation rate=0
I tensorflow/core/common_runtime/gpu/pool_allocator.cc:244] PoolAllocator: After 0 get requests, put_count=1019 evicted_count=1000 eviction_rate=0.981354 and unsatisfied allocation rate=0
I tensorflow/core/common_runtime/gpu/pool_allocator.cc:244] PoolAllocator: After 0 get requests, put_count=3023 evicted_count=3000 eviction_rate=0.992392 and unsatisfied allocation rate=0
I tensorflow/core/common_runtime/gpu/pool_allocator.cc:244] PoolAllocator: After 0 get requests, put_count=3025 evicted_count=3000 eviction_rate=0.991736 and unsatisfied allocation rate=0
I tensorflow/core/common_runtime/gpu/pool_allocator.cc:244] PoolAllocator: After 0 get requests, put_count=13025 evicted_count=13000 eviction_rate=0.998081 and unsatisfied allocation rate=0
I tensorflow/core/common_runtime/gpu/pool_allocator.cc:244] PoolAllocator: After 0 get requests, put_count=5028 evicted_count=5000 eviction_rate=0.994431 and unsatisfied allocation rate=0
I tensorflow/core/common_runtime/gpu/pool_allocator.cc:244] PoolAllocator: After 0 get requests, put_count=1033 evicted_count=1000 eviction_rate=0.968054 and unsatisfied allocation rate=0
I tensorflow/core/common_runtime/gpu/pool_allocator.cc:244] PoolAllocator: After 0 get requests, put_count=3040 evicted_count=3000 eviction_rate=0.986842 and unsatisfied allocation rate=0
I tensorflow/core/common_runtime/gpu/pool_allocator.cc:244] PoolAllocator: After 0 get requests, put_count=3044 evicted_count=3000 eviction_rate=0.985545 and unsatisfied allocation rate=0
I tensorflow/core/common_runtime/gpu/pool_allocator.cc:244] PoolAllocator: After 0 get requests, put_count=9049 evicted_count=9000 eviction_rate=0.994585 and unsatisfied allocation rate=0
I tensorflow/core/common_runtime/gpu/pool_allocator.cc:244] PoolAllocator: After 0 get requests, put_count=1065 evicted_count=1000 eviction_rate=0.938967 and unsatisfied allocation rate=0
I tensorflow/core/common_runtime/gpu/pool_allocator.cc:244] PoolAllocator: After 0 get requests, put_count=2072 evicted_count=2000 eviction_rate=0.965251 and unsatisfied allocation rate=0
I tensorflow/core/common_runtime/gpu/pool_allocator.cc:244] PoolAllocator: After 0 get requests, put_count=2079 evicted_count=2000 eviction_rate=0.962001 and unsatisfied allocation rate=0
I tensorflow/core/common_runtime/gpu/pool_allocator.cc:244] PoolAllocator: After 0 get requests, put_count=5095 evicted_count=5000 eviction_rate=0.981354 and unsatisfied allocation rate=0
I tensorflow/core/common_runtime/gpu/pool_allocator.cc:244] PoolAllocator: After 0 get requests, put_count=2115 evicted_count=2000 eviction_rate=0.945626 and unsatisfied allocation rate=0
I tensorflow/core/common_runtime/gpu/pool_allocator.cc:244] PoolAllocator: After 0 get requests, put_count=2154 evicted_count=2000 eviction_rate=0.928505 and unsatisfied allocation rate=0
I tensorflow/core/common_runtime/gpu/pool_allocator.cc:244] PoolAllocator: After 0 get requests, put_count=1186 evicted_count=1000 eviction_rate=0.84317 and unsatisfied allocation rate=0
I tensorflow/core/common_runtime/gpu/pool_allocator.cc:244] PoolAllocator: After 0 get requests, put_count=4247 evicted_count=4000 eviction_rate=0.941841 and unsatisfied allocation rate=0
I tensorflow/core/common_runtime/gpu/pool_allocator.cc:244] PoolAllocator: After 0 get requests, put_count=14247 evicted_count=14000 eviction_rate=0.982663 and unsatisfied allocation rate=0
I tensorflow/core/common_runtime/gpu/pool_allocator.cc:244] PoolAllocator: After 5949 get requests, put_count=11872 evicted_count=7000 eviction_rate=0.589623 and unsatisfied allocation rate=0.231299
I tensorflow/core/common_runtime/gpu/pool_allocator.cc:256] Raising pool_size_limit_ from 3296 to 3625
I tensorflow/core/common_runtime/gpu/pool_allocator.cc:244] PoolAllocator: After 0 get requests, put_count=2438 evicted_count=2000 eviction_rate=0.820345 and unsatisfied allocation rate=0
I tensorflow/core/common_runtime/gpu/pool_allocator.cc:244] PoolAllocator: After 0 get requests, put_count=2530 evicted_count=2000 eviction_rate=0.790514 and unsatisfied allocation rate=0
I tensorflow/core/common_runtime/gpu/pool_allocator.cc:244] PoolAllocator: After 30771 get requests, put_count=32314 evicted_count=4000 eviction_rate=0.123785 and unsatisfied allocation rate=0.100679
I tensorflow/core/common_runtime/gpu/pool_allocator.cc:256] Raising pool_size_limit_ from 7059 to 7764
I tensorflow/core/common_runtime/gpu/pool_allocator.cc:244] PoolAllocator: After 0 get requests, put_count=5939 evicted_count=5000 eviction_rate=0.841893 and unsatisfied allocation rate=0
I tensorflow/core/common_runtime/gpu/pool_allocator.cc:244] PoolAllocator: After 0 get requests, put_count=2136 evicted_count=1000 eviction_rate=0.468165 and unsatisfied allocation rate=0
I tensorflow/core/common_runtime/gpu/pool_allocator.cc:244] PoolAllocator: After 0 get requests, put_count=3375 evicted_count=2000 eviction_rate=0.592593 and unsatisfied allocation rate=0
Doing epoch:  1
global step 750 learning rate 0.1000 step-time 0.39 perplexity 3.49
  eval: bucket 0 perplexity 1.99
  eval: bucket 1 perplexity 4.79
  eval: bucket 2 perplexity 6.42
Do EVALB outside separately
global step 1000 learning rate 0.1000 step-time 0.30 perplexity 2.48
  eval: bucket 0 perplexity 1.58
  eval: bucket 1 perplexity 3.63
  eval: bucket 2 perplexity 4.60
Do EVALB outside separately
/tmp/slurmd.gpu-g14/job527324/slurm_script: line 26: --steps_per_checkpoint=250: command not found
